<?xml version="1.0" encoding="UTF-8"?>
<!-- Generated by org.testng.reporters.JUnitReportReporter -->
<testsuite skipped="0" hostname="LAPTOP-8CTTEP62" name="test.AddCategoryPageTest" tests="1" failures="0" timestamp="2022-10-15T17:10:14 CDT" time="4.930" errors="0">
  <testcase name="testingAddCategory" time="4.930" classname="test.AddCategoryPageTest"/>
  <system-out/>
</testsuite> <!-- test.AddCategoryPageTest -->
