<?xml version="1.0" encoding="UTF-8"?>
<!-- Generated by org.testng.reporters.JUnitReportReporter -->
<testsuite skipped="0" hostname="LAPTOP-8CTTEP62" name="util.LoginTest" tests="1" failures="0" timestamp="2022-10-14T16:57:43 CDT" time="0.007" errors="0">
  <testcase name="readConfig" time="0.007" classname="util.LoginTest"/>
  <system-out/>
</testsuite> <!-- util.LoginTest -->
