<?xml version="1.0" encoding="UTF-8"?>
<!-- Generated by org.testng.reporters.JUnitReportReporter -->
<testsuite skipped="0" hostname="LAPTOP-8CTTEP62" name="test.DropDownListTest" tests="1" failures="0" timestamp="2022-10-15T17:10:49 CDT" time="5.051" errors="0">
  <testcase name="validateDropDownMenue" time="5.051" classname="test.DropDownListTest"/>
  <system-out/>
</testsuite> <!-- test.DropDownListTest -->
